0 info it worked if it ends with ok
1 verbose cli [ 'C:\\Program Files\\nodejs\\\\node.exe',
1 verbose cli   'C:\\Program Files\\nodejs\\node_modules\\npm\\bin\\npm-cli.js',
1 verbose cli   'install' ]
2 info using npm@1.2.23
3 info using node@v0.10.8
4 verbose node symlink C:\Program Files\nodejs\\node.exe
5 verbose read json C:\Program Files (x86)\EasyPHP-DevServer-13.1VC9\data\localweb\projects\Phobos\package.json
6 warn package.json Phobos@0.0.1 No repository field.
7 verbose readDependencies using package.json deps
8 verbose install where, deps [ 'C:\\Program Files (x86)\\EasyPHP-DevServer-13.1VC9\\data\\localweb\\projects\\Phobos',
8 verbose install   [ 'express', 'socket.io', 'node-uuid', 'routes' ] ]
9 verbose from cache C:\Program Files (x86)\EasyPHP-DevServer-13.1VC9\data\localweb\projects\Phobos\package.json
10 info preinstall Phobos@0.0.1
11 verbose read json C:\Program Files (x86)\EasyPHP-DevServer-13.1VC9\data\localweb\projects\Phobos\node_modules\express\package.json
12 verbose read json C:\Program Files (x86)\EasyPHP-DevServer-13.1VC9\data\localweb\projects\Phobos\node_modules\node-uuid\package.json
13 verbose read json C:\Program Files (x86)\EasyPHP-DevServer-13.1VC9\data\localweb\projects\Phobos\node_modules\socket.io\package.json
14 verbose from cache C:\Program Files (x86)\EasyPHP-DevServer-13.1VC9\data\localweb\projects\Phobos\package.json
15 verbose readDependencies using package.json deps
16 verbose from cache C:\Program Files (x86)\EasyPHP-DevServer-13.1VC9\data\localweb\projects\Phobos\node_modules\express\package.json
17 verbose from cache C:\Program Files (x86)\EasyPHP-DevServer-13.1VC9\data\localweb\projects\Phobos\node_modules\node-uuid\package.json
18 verbose from cache C:\Program Files (x86)\EasyPHP-DevServer-13.1VC9\data\localweb\projects\Phobos\node_modules\socket.io\package.json
19 verbose already installed skipping express@3.x C:\Program Files (x86)\EasyPHP-DevServer-13.1VC9\data\localweb\projects\Phobos
20 verbose already installed skipping socket.io@0.9.x C:\Program Files (x86)\EasyPHP-DevServer-13.1VC9\data\localweb\projects\Phobos
21 verbose already installed skipping node-uuid@1.3.3 C:\Program Files (x86)\EasyPHP-DevServer-13.1VC9\data\localweb\projects\Phobos
22 verbose cache add [ 'routes@1.x', null ]
23 verbose cache add name=undefined spec="routes@1.x" args=["routes@1.x",null]
24 verbose parsed url { protocol: null,
24 verbose parsed url   slashes: null,
24 verbose parsed url   auth: null,
24 verbose parsed url   host: null,
24 verbose parsed url   port: null,
24 verbose parsed url   hostname: null,
24 verbose parsed url   hash: null,
24 verbose parsed url   search: null,
24 verbose parsed url   query: null,
24 verbose parsed url   pathname: 'routes@1.x',
24 verbose parsed url   path: 'routes@1.x',
24 verbose parsed url   href: 'routes@1.x' }
25 verbose cache add name="routes" spec="1.x" args=["routes","1.x"]
26 verbose parsed url { protocol: null,
26 verbose parsed url   slashes: null,
26 verbose parsed url   auth: null,
26 verbose parsed url   host: null,
26 verbose parsed url   port: null,
26 verbose parsed url   hostname: null,
26 verbose parsed url   hash: null,
26 verbose parsed url   search: null,
26 verbose parsed url   query: null,
26 verbose parsed url   pathname: '1.x',
26 verbose parsed url   path: '1.x',
26 verbose parsed url   href: '1.x' }
27 verbose addNamed [ 'routes', '1.x' ]
28 verbose addNamed [ null, '>=1.0.0- <2.0.0-' ]
29 silly lockFile dcdb9c94-routes-1-x routes@1.x
30 verbose lock routes@1.x C:\Users\Raphy\AppData\Roaming\npm-cache\dcdb9c94-routes-1-x.lock
31 silly addNameRange { name: 'routes', range: '>=1.0.0- <2.0.0-', hasData: false }
32 verbose url raw routes
33 verbose url resolving [ 'https://registry.npmjs.org/', './routes' ]
34 verbose url resolved https://registry.npmjs.org/routes
35 info trying registry request attempt 1 at 23:17:06
36 http GET https://registry.npmjs.org/routes
37 http 200 https://registry.npmjs.org/routes
38 silly registry.get cb [ 200,
38 silly registry.get   { vary: 'Accept',
38 silly registry.get     server: 'CouchDB/1.3.0 (Erlang OTP/R15B03)',
38 silly registry.get     etag: '"33ZGF6X2REB1YHGB2Z8YTI3F3"',
38 silly registry.get     date: 'Thu, 30 May 2013 21:17:10 GMT',
38 silly registry.get     'content-type': 'application/json',
38 silly registry.get     'content-length': '12683' } ]
39 silly addNameRange number 2 { name: 'routes', range: '>=1.0.0- <2.0.0-', hasData: true }
40 silly addNameRange versions [ 'routes', [ '0.1.0', '0.1.1', '0.2.0' ] ]
41 silly lockFile dcdb9c94-routes-1-x routes@1.x
42 silly lockFile dcdb9c94-routes-1-x routes@1.x
43 error Error: No compatible version found: routes@'>=1.0.0- <2.0.0-'
43 error Valid install targets:
43 error ["0.1.0","0.1.1","0.2.0"]
43 error     at installTargetsError (C:\Program Files\nodejs\node_modules\npm\lib\cache.js:709:10)
43 error     at next (C:\Program Files\nodejs\node_modules\npm\lib\cache.js:688:17)
43 error     at C:\Program Files\nodejs\node_modules\npm\lib\cache.js:668:5
43 error     at saved (C:\Program Files\nodejs\node_modules\npm\node_modules\npm-registry-client\lib\get.js:138:7)
43 error     at Object.oncomplete (fs.js:107:15)
44 error If you need help, you may report this log at:
44 error     <http://github.com/isaacs/npm/issues>
44 error or email it to:
44 error     <npm-@googlegroups.com>
45 error System Windows_NT 6.2.9200
46 error command "C:\\Program Files\\nodejs\\\\node.exe" "C:\\Program Files\\nodejs\\node_modules\\npm\\bin\\npm-cli.js" "install"
47 error cwd C:\Program Files (x86)\EasyPHP-DevServer-13.1VC9\data\localweb\projects\Phobos
48 error node -v v0.10.8
49 error npm -v 1.2.23
50 verbose exit [ 1, true ]
